Skipping example 6: TXT, MOR and GLS lengths don't match
Skipping example 9: TXT, MOR and GLS lengths don't match
Skipping example 11: TXT, MOR and GLS lengths don't match
Skipping example 20: TXT, MOR and GLS lengths don't match
Skipping example 22: TXT, MOR and GLS lengths don't match
Skipping example 27: TXT, MOR and GLS lengths don't match
Skipping example 28: TXT, MOR and GLS lengths don't match
Skipping example 30: TXT, MOR and GLS lengths don't match
Skipping example 37: TXT, MOR and GLS lengths don't match
Skipping example 39: TXT, MOR and GLS lengths don't match
Skipping example 41: TXT, MOR and GLS lengths don't match
Skipping example 47: TXT, MOR and GLS lengths don't match
Skipping example 61: TXT, MOR and GLS lengths don't match
Skipping example 68: TXT, MOR and GLS lengths don't match
Skipping example 71: TXT, MOR and GLS lengths don't match
Skipping example 72: TXT, MOR and GLS lengths don't match
Skipping example 75: TXT, MOR and GLS lengths don't match
Skipping example 85: TXT, MOR and GLS lengths don't match
Skipping example 96: TXT, MOR and GLS lengths don't match
Skipping example 99: TXT, MOR and GLS lengths don't match
Skipping example 106: TXT, MOR and GLS lengths don't match
Skipping example 111: TXT, MOR and GLS lengths don't match
Skipping example 149: TXT, MOR and GLS lengths don't match
Skipping example 172: TXT, MOR and GLS lengths don't match
Skipping example 185: TXT, MOR and GLS lengths don't match
Skipping example 201: TXT, MOR and GLS lengths don't match
Skipping example 249: TXT, MOR and GLS lengths don't match
Skipping example 256: TXT, MOR and GLS lengths don't match
Skipping example 261: TXT, MOR and GLS lengths don't match
Skipping example 286: TXT, MOR and GLS lengths don't match
Skipping example 287: TXT, MOR and GLS lengths don't match
Skipping example 288: TXT, MOR and GLS lengths don't match
Skipping example 292: TXT, MOR and GLS lengths don't match
Skipping example 295: TXT, MOR and GLS lengths don't match
Skipping example 296: TXT, MOR and GLS lengths don't match
Skipping example 298: TXT, MOR and GLS lengths don't match
Skipping example 305: TXT, MOR and GLS lengths don't match
Skipping example 312: TXT, MOR and GLS lengths don't match
Skipping example 314: TXT, MOR and GLS lengths don't match
Skipping example 317: TXT, MOR and GLS lengths don't match
Skipping example 321: TXT, MOR and GLS lengths don't match
Skipping example 326: TXT, MOR and GLS lengths don't match
Skipping example 337: TXT, MOR and GLS lengths don't match
Skipping example 338: TXT, MOR and GLS lengths don't match
Skipping example 349: TXT, MOR and GLS lengths don't match
Skipping example 350: TXT, MOR and GLS lengths don't match
Skipping example 354: TXT, MOR and GLS lengths don't match
Skipping example 360: TXT, MOR and GLS lengths don't match
Skipping example 362: TXT, MOR and GLS lengths don't match
Skipping example 363: TXT, MOR and GLS lengths don't match
Skipping example 365: TXT, MOR and GLS lengths don't match
Skipping example 366: TXT, MOR and GLS lengths don't match
Skipping example 367: TXT, MOR and GLS lengths don't match
Skipping example 371: TXT, MOR and GLS lengths don't match
Skipping example 372: TXT, MOR and GLS lengths don't match
Skipping example 374: TXT, MOR and GLS lengths don't match
Skipping example 376: TXT, MOR and GLS lengths don't match
Skipping example 377: TXT, MOR and GLS lengths don't match
Skipping example 386: TXT, MOR and GLS lengths don't match
Skipping example 389: TXT, MOR and GLS lengths don't match
Skipping example 395: TXT, MOR and GLS lengths don't match
Skipping example 396: TXT, MOR and GLS lengths don't match
Skipping example 398: TXT, MOR and GLS lengths don't match
Skipping example 402: TXT, MOR and GLS lengths don't match
Skipping example 406: TXT, MOR and GLS lengths don't match
Skipping example 407: TXT, MOR and GLS lengths don't match
Skipping example 410: TXT, MOR and GLS lengths don't match
Skipping example 411: TXT, MOR and GLS lengths don't match
Skipping example 412: TXT, MOR and GLS lengths don't match
Skipping example 413: TXT, MOR and GLS lengths don't match
Skipping example 415: TXT, MOR and GLS lengths don't match
Skipping example 427: TXT, MOR and GLS lengths don't match
Skipping example 428: TXT, MOR and GLS lengths don't match
Skipping example 437: TXT, MOR and GLS lengths don't match
Skipping example 440: TXT, MOR and GLS lengths don't match
Skipping example 444: TXT, MOR and GLS lengths don't match
Skipping example 445: TXT, MOR and GLS lengths don't match
Skipping example 448: TXT, MOR and GLS lengths don't match
Skipping example 455: TXT, MOR and GLS lengths don't match
Skipping example 460: TXT, MOR and GLS lengths don't match
Skipping example 461: TXT, MOR and GLS lengths don't match
Skipping example 462: TXT, MOR and GLS lengths don't match
Skipping example 464: TXT, MOR and GLS lengths don't match
Skipping example 468: TXT, MOR and GLS lengths don't match
Skipping example 469: TXT, MOR and GLS lengths don't match
Skipping example 479: TXT, MOR and GLS lengths don't match
Skipping example 480: TXT, MOR and GLS lengths don't match
Skipping example 481: TXT, MOR and GLS lengths don't match
Skipping example 487: TXT, MOR and GLS lengths don't match
Skipping example 488: TXT, MOR and GLS lengths don't match
Skipping example 490: TXT, MOR and GLS lengths don't match
Skipping example 492: TXT, MOR and GLS lengths don't match
Skipping example 495: TXT, MOR and GLS lengths don't match
Skipping example 499: TXT, MOR and GLS lengths don't match
Skipping example 502: TXT, MOR and GLS lengths don't match
Skipping example 504: TXT, MOR and GLS lengths don't match
Skipping example 515: TXT, MOR and GLS lengths don't match
Skipping example 516: TXT, MOR and GLS lengths don't match
Skipping example 528: TXT, MOR and GLS lengths don't match
Skipping example 531: TXT, MOR and GLS lengths don't match
Skipping example 533: TXT, MOR and GLS lengths don't match
Skipping example 535: TXT, MOR and GLS lengths don't match
Skipping example 536: TXT, MOR and GLS lengths don't match
Skipping example 537: TXT, MOR and GLS lengths don't match
Skipping example 540: TXT, MOR and GLS lengths don't match
Skipping example 541: TXT, MOR and GLS lengths don't match
Skipping example 542: TXT, MOR and GLS lengths don't match
Skipping example 544: TXT, MOR and GLS lengths don't match
Skipping example 545: TXT, MOR and GLS lengths don't match
Skipping example 554: TXT, MOR and GLS lengths don't match
Skipping example 562: TXT, MOR and GLS lengths don't match
Skipping example 564: TXT, MOR and GLS lengths don't match
Skipping example 568: TXT, MOR and GLS lengths don't match
Skipping example 569: TXT, MOR and GLS lengths don't match
Skipping example 570: TXT, MOR and GLS lengths don't match
Skipping example 573: TXT, MOR and GLS lengths don't match
Skipping example 574: TXT, MOR and GLS lengths don't match
Skipping example 576: TXT, MOR and GLS lengths don't match
Skipping example 577: TXT, MOR and GLS lengths don't match
Skipping example 583: TXT, MOR and GLS lengths don't match
Skipping example 584: TXT, MOR and GLS lengths don't match
Skipping example 589: TXT, MOR and GLS lengths don't match
Skipping example 593: TXT, MOR and GLS lengths don't match
Skipping example 594: TXT, MOR and GLS lengths don't match
Skipping example 599: TXT, MOR and GLS lengths don't match
Skipping example 600: TXT, MOR and GLS lengths don't match
Skipping example 602: TXT, MOR and GLS lengths don't match
Skipping example 607: TXT, MOR and GLS lengths don't match
Skipping example 610: TXT, MOR and GLS lengths don't match
Skipping example 611: TXT, MOR and GLS lengths don't match
Skipping example 612: TXT, MOR and GLS lengths don't match
Skipping example 614: TXT, MOR and GLS lengths don't match
Skipping example 618: TXT, MOR and GLS lengths don't match
Skipping example 619: TXT, MOR and GLS lengths don't match
Skipping example 624: TXT, MOR and GLS lengths don't match
Skipping example 626: TXT, MOR and GLS lengths don't match
Skipping example 630: TXT, MOR and GLS lengths don't match
Skipping example 631: TXT, MOR and GLS lengths don't match
Skipping example 632: TXT, MOR and GLS lengths don't match
Skipping example 638: TXT, MOR and GLS lengths don't match
Skipping example 639: TXT, MOR and GLS lengths don't match
Skipping example 689: TXT, MOR and GLS lengths don't match
Skipping example 701: TXT, MOR and GLS lengths don't match
Skipping example 710: TXT, MOR and GLS lengths don't match
Skipping example 735: TXT, MOR and GLS lengths don't match
Skipping example 747: TXT, MOR and GLS lengths don't match
Skipping example 761: TXT, MOR and GLS lengths don't match
Skipping example 764: TXT, MOR and GLS lengths don't match
Skipping example 765: TXT, MOR and GLS lengths don't match
Skipping example 775: TXT, MOR and GLS lengths don't match
Skipping example 777: TXT, MOR and GLS lengths don't match
Skipping example 800: TXT, MOR and GLS lengths don't match
Skipping example 806: TXT, MOR and GLS lengths don't match
Skipping example 807: TXT, MOR and GLS lengths don't match
Skipping example 809: TXT, MOR and GLS lengths don't match
Skipping example 810: TXT, MOR and GLS lengths don't match
Skipping example 811: TXT, MOR and GLS lengths don't match
Skipping example 831: TXT, MOR and GLS lengths don't match
Skipping example 848: TXT, MOR and GLS lengths don't match
Skipping example 855: TXT, MOR and GLS lengths don't match
Skipping example 856: TXT, MOR and GLS lengths don't match
Skipping example 860: TXT, MOR and GLS lengths don't match
Skipping example 861: TXT, MOR and GLS lengths don't match
Skipping example 865: TXT, MOR and GLS lengths don't match
Skipping example 877: TXT, MOR and GLS lengths don't match
Skipping example 886: TXT, MOR and GLS lengths don't match
Skipping example 915: TXT, MOR and GLS lengths don't match
Skipping example 922: TXT, MOR and GLS lengths don't match
Skipping example 923: TXT, MOR and GLS lengths don't match
Skipping example 935: TXT, MOR and GLS lengths don't match
Skipping example 945: TXT, MOR and GLS lengths don't match
Skipping example 954: TXT, MOR and GLS lengths don't match
Skipping example 955: TXT, MOR and GLS lengths don't match
Skipping example 976: TXT, MOR and GLS lengths don't match
Skipping example 1015: TXT, MOR and GLS lengths don't match
Skipping example 1021: TXT, MOR and GLS lengths don't match
Skipping example 1025: TXT, MOR and GLS lengths don't match
Skipping example 1053: TXT, MOR and GLS lengths don't match
Skipping example 1065: TXT, MOR and GLS lengths don't match
Skipping example 1070: TXT, MOR and GLS lengths don't match
Skipping example 1106: TXT, MOR and GLS lengths don't match
Skipping example 1110: TXT, MOR and GLS lengths don't match
Skipping example 1114: TXT, MOR and GLS lengths don't match
Skipping example 1121: TXT, MOR and GLS lengths don't match
Skipping example 1124: TXT, MOR and GLS lengths don't match
Skipping example 1126: TXT, MOR and GLS lengths don't match
Skipping example 1128: TXT, MOR and GLS lengths don't match
Skipping example 1131: TXT, MOR and GLS lengths don't match
Skipping example 1135: TXT, MOR and GLS lengths don't match
Skipping example 1145: TXT, MOR and GLS lengths don't match
Skipping example 1156: TXT, MOR and GLS lengths don't match
Skipping example 1161: TXT, MOR and GLS lengths don't match
Skipping example 1183: TXT, MOR and GLS lengths don't match
Skipping example 1185: TXT, MOR and GLS lengths don't match
Skipping example 1200: TXT, MOR and GLS lengths don't match
Skipping example 1205: TXT, MOR and GLS lengths don't match
Skipping example 1214: TXT, MOR and GLS lengths don't match
Skipping example 1229: TXT, MOR and GLS lengths don't match
Skipping example 1247: TXT, MOR and GLS lengths don't match
Skipping example 1257: TXT, MOR and GLS lengths don't match
Skipping example 1258: TXT, MOR and GLS lengths don't match
Skipping example 1259: TXT, MOR and GLS lengths don't match
Skipping example 1261: TXT, MOR and GLS lengths don't match
Skipping example 1280: TXT, MOR and GLS lengths don't match
Skipping example 1284: TXT, MOR and GLS lengths don't match
Skipping example 1291: TXT, MOR and GLS lengths don't match
Skipping example 1294: TXT, MOR and GLS lengths don't match
Skipping example 1296: TXT, MOR and GLS lengths don't match
Skipping example 1298: TXT, MOR and GLS lengths don't match
Skipping example 1304: TXT, MOR and GLS lengths don't match
Skipping example 1312: TXT, MOR and GLS lengths don't match
Skipping example 1323: TXT, MOR and GLS lengths don't match
Skipping example 1327: TXT, MOR and GLS lengths don't match
Skipping example 1348: TXT, MOR and GLS lengths don't match
Skipping example 1350: TXT, MOR and GLS lengths don't match
Skipping example 1365: TXT, MOR and GLS lengths don't match
Skipping example 1370: TXT, MOR and GLS lengths don't match
Skipping example 1379: TXT, MOR and GLS lengths don't match
Skipping example 1394: TXT, MOR and GLS lengths don't match
Skipping example 1412: TXT, MOR and GLS lengths don't match
Skipping example 1422: TXT, MOR and GLS lengths don't match
Skipping example 1423: TXT, MOR and GLS lengths don't match
Skipping example 1424: TXT, MOR and GLS lengths don't match
Skipping example 1426: TXT, MOR and GLS lengths don't match
Skipping example 1446: TXT, MOR and GLS lengths don't match
Skipping example 1452: TXT, MOR and GLS lengths don't match
Skipping example 1456: TXT, MOR and GLS lengths don't match
Skipping example 1483: TXT, MOR and GLS lengths don't match
Skipping example 1495: TXT, MOR and GLS lengths don't match
Skipping example 1500: TXT, MOR and GLS lengths don't match
Skipping example 1536: TXT, MOR and GLS lengths don't match
Skipping example 1538: TXT, MOR and GLS lengths don't match
Skipping example 1542: TXT, MOR and GLS lengths don't match
Skipping example 1561: TXT, MOR and GLS lengths don't match
Skipping example 1562: TXT, MOR and GLS lengths don't match
Skipping example 1570: TXT, MOR and GLS lengths don't match
Skipping example 1575: TXT, MOR and GLS lengths don't match
Skipping example 1576: TXT, MOR and GLS lengths don't match
Skipping example 1577: TXT, MOR and GLS lengths don't match
Skipping example 1578: TXT, MOR and GLS lengths don't match
Skipping example 1589: TXT, MOR and GLS lengths don't match
Skipping example 1591: TXT, MOR and GLS lengths don't match
Skipping example 1596: TXT, MOR and GLS lengths don't match
Skipping example 1601: TXT, MOR and GLS lengths don't match
Skipping example 1602: TXT, MOR and GLS lengths don't match
Skipping example 1603: TXT, MOR and GLS lengths don't match
Skipping example 1604: TXT, MOR and GLS lengths don't match
Skipping example 1615: TXT, MOR and GLS lengths don't match
Skipping example 1617: TXT, MOR and GLS lengths don't match
Skipping example 1619: TXT, MOR and GLS lengths don't match
Skipping example 1635: TXT, MOR and GLS lengths don't match
Skipping example 1637: TXT, MOR and GLS lengths don't match
Skipping example 1638: TXT, MOR and GLS lengths don't match
Skipping example 1641: TXT, MOR and GLS lengths don't match
Skipping example 1642: TXT, MOR and GLS lengths don't match
Skipping example 1643: TXT, MOR and GLS lengths don't match
Skipping example 1647: TXT, MOR and GLS lengths don't match
Skipping example 1661: TXT, MOR and GLS lengths don't match
Skipping example 1663: TXT, MOR and GLS lengths don't match
Skipping example 1669: TXT, MOR and GLS lengths don't match
Skipping example 1676: TXT, MOR and GLS lengths don't match
Skipping example 1679: TXT, MOR and GLS lengths don't match
Skipping example 1689: TXT, MOR and GLS lengths don't match
Skipping example 1763: TXT, MOR and GLS lengths don't match
Skipping example 1838: TXT, MOR and GLS lengths don't match
Skipping example 1842: TXT, MOR and GLS lengths don't match
Skipping example 1844: TXT, MOR and GLS lengths don't match
Skipping example 1845: TXT, MOR and GLS lengths don't match
Skipping example 1848: TXT, MOR and GLS lengths don't match
Skipping example 1849: TXT, MOR and GLS lengths don't match
Skipping example 1850: TXT, MOR and GLS lengths don't match
Skipping example 1854: TXT, MOR and GLS lengths don't match
Skipping example 1868: TXT, MOR and GLS lengths don't match
Skipping example 1870: TXT, MOR and GLS lengths don't match
Skipping example 1876: TXT, MOR and GLS lengths don't match
Skipping example 1883: TXT, MOR and GLS lengths don't match
Skipping example 1886: TXT, MOR and GLS lengths don't match
Skipping example 1896: TXT, MOR and GLS lengths don't match
Skipping example 1970: TXT, MOR and GLS lengths don't match
Skipping example 2041: TXT, MOR and GLS lengths don't match
Skipping example 2046: TXT, MOR and GLS lengths don't match
Skipping example 2049: TXT, MOR and GLS lengths don't match
Skipping example 2050: TXT, MOR and GLS lengths don't match
Skipping example 2077: TXT, MOR and GLS lengths don't match
Skipping example 2088: TXT, MOR and GLS lengths don't match
Skipping example 2095: TXT, MOR and GLS lengths don't match
Skipping example 2100: TXT, MOR and GLS lengths don't match
Skipping example 2101: TXT, MOR and GLS lengths don't match
Skipping example 2123: TXT, MOR and GLS lengths don't match
Skipping example 2196: TXT, MOR and GLS lengths don't match
Skipping example 2262: TXT, MOR and GLS lengths don't match
Skipping example 2267: TXT, MOR and GLS lengths don't match
Skipping example 2283: TXT, MOR and GLS lengths don't match
Skipping example 2286: bɔ-nyá and CM-shrub-type morpheme counts don't match
Skipping example 2286: bɔ-nyá and CM-shrub-type morpheme counts don't match
Skipping example 2306: TXT, MOR and GLS lengths don't match
Skipping example 2309: TXT, MOR and GLS lengths don't match
Skipping example 2311: TXT, MOR and GLS lengths don't match
Skipping example 2347: TXT, MOR and GLS lengths don't match
Skipping example 2354: TXT, MOR and GLS lengths don't match
Skipping example 2373: TXT, MOR and GLS lengths don't match
Skipping example 2375: TXT, MOR and GLS lengths don't match
Skipping example 2381: TXT, MOR and GLS lengths don't match
Skipping example 2388: TXT, MOR and GLS lengths don't match
Skipping example 2420: TXT, MOR and GLS lengths don't match
Skipping example 2421: TXT, MOR and GLS lengths don't match
Skipping example 2427: TXT, MOR and GLS lengths don't match
Skipping example 2449: TXT, MOR and GLS lengths don't match
Skipping example 2480: TXT, MOR and GLS lengths don't match
Skipping example 2484: TXT, MOR and GLS lengths don't match
Skipping example 2496: TXT, MOR and GLS lengths don't match
Skipping example 2541: TXT, MOR and GLS lengths don't match
Skipping example 2559: TXT, MOR and GLS lengths don't match
Skipping example 2568: gɛ and AM-give morpheme counts don't match
Skipping example 2568: a-mɔ and birth morpheme counts don't match
Skipping example 2577: TXT, MOR and GLS lengths don't match
Skipping example 2602: TXT, MOR and GLS lengths don't match
Skipping example 2604: TXT, MOR and GLS lengths don't match
Skipping example 2608: TXT, MOR and GLS lengths don't match
Skipping example 2609: TXT, MOR and GLS lengths don't match
Skipping example 2612: TXT, MOR and GLS lengths don't match
Skipping example 2613: TXT, MOR and GLS lengths don't match
Skipping example 2614: TXT, MOR and GLS lengths don't match
Skipping example 2625: TXT, MOR and GLS lengths don't match
Skipping example 2626: TXT, MOR and GLS lengths don't match
Skipping example 2629: TXT, MOR and GLS lengths don't match
Skipping example 2635: TXT, MOR and GLS lengths don't match
Skipping example 2640: TXT, MOR and GLS lengths don't match
Skipping example 2648: TXT, MOR and GLS lengths don't match
Skipping example 2653: TXT, MOR and GLS lengths don't match
Skipping example 2658: TXT, MOR and GLS lengths don't match
Skipping example 2659: TXT, MOR and GLS lengths don't match
Skipping example 2662: TXT, MOR and GLS lengths don't match
Skipping example 2669: TXT, MOR and GLS lengths don't match
Skipping example 2673: TXT, MOR and GLS lengths don't match
Skipping example 2680: TXT, MOR and GLS lengths don't match
Skipping example 2683: TXT, MOR and GLS lengths don't match
Skipping example 2685: TXT, MOR and GLS lengths don't match
Skipping example 2687: TXT, MOR and GLS lengths don't match
Skipping example 2700: TXT, MOR and GLS lengths don't match
Skipping example 2711: TXT, MOR and GLS lengths don't match
Skipping example 2715: TXT, MOR and GLS lengths don't match
Skipping example 2736: TXT, MOR and GLS lengths don't match
Skipping example 2738: TXT, MOR and GLS lengths don't match
Skipping example 2753: TXT, MOR and GLS lengths don't match
Skipping example 2758: TXT, MOR and GLS lengths don't match
Skipping example 2767: TXT, MOR and GLS lengths don't match
Skipping example 2782: TXT, MOR and GLS lengths don't match
Skipping example 2800: TXT, MOR and GLS lengths don't match
Skipping example 2810: TXT, MOR and GLS lengths don't match
Skipping example 2811: TXT, MOR and GLS lengths don't match
Skipping example 2812: TXT, MOR and GLS lengths don't match
Skipping example 2814: TXT, MOR and GLS lengths don't match
Skipping example 2833: TXT, MOR and GLS lengths don't match
Skipping example 2837: TXT, MOR and GLS lengths don't match
Skipping example 2844: TXT, MOR and GLS lengths don't match
Skipping example 2847: TXT, MOR and GLS lengths don't match
Skipping example 2849: TXT, MOR and GLS lengths don't match
Skipping example 2851: TXT, MOR and GLS lengths don't match
Skipping example 2864: TXT, MOR and GLS lengths don't match
Skipping example 2875: TXT, MOR and GLS lengths don't match
Skipping example 2879: TXT, MOR and GLS lengths don't match
Skipping example 2900: TXT, MOR and GLS lengths don't match
Skipping example 2902: TXT, MOR and GLS lengths don't match
Skipping example 2917: TXT, MOR and GLS lengths don't match
Skipping example 2922: TXT, MOR and GLS lengths don't match
Skipping example 2931: TXT, MOR and GLS lengths don't match
Skipping example 2946: TXT, MOR and GLS lengths don't match
Skipping example 2964: TXT, MOR and GLS lengths don't match
Skipping example 2974: TXT, MOR and GLS lengths don't match
Skipping example 2975: TXT, MOR and GLS lengths don't match
Skipping example 2976: TXT, MOR and GLS lengths don't match
Skipping example 2978: TXT, MOR and GLS lengths don't match
Got 2626 glossed sentences
Filtered out 371 sentences

