Skipping example 9: TXT, MOR and GLS lengths don't match
Skipping example 26: TXT, MOR and GLS lengths don't match
Skipping example 27: TXT, MOR and GLS lengths don't match
Skipping example 29: TXT, MOR and GLS lengths don't match
Skipping example 34: TXT, MOR and GLS lengths don't match
Skipping example 36: TXT, MOR and GLS lengths don't match
Skipping example 37: TXT, MOR and GLS lengths don't match
Skipping example 53: TXT, MOR and GLS lengths don't match
Skipping example 56: TXT, MOR and GLS lengths don't match
Skipping example 58: TXT, MOR and GLS lengths don't match
Skipping example 77: TXT, MOR and GLS lengths don't match
Skipping example 83: TXT, MOR and GLS lengths don't match
Skipping example 85: TXT, MOR and GLS lengths don't match
Skipping example 95: TXT, MOR and GLS lengths don't match
Skipping example 99: TXT, MOR and GLS lengths don't match
Skipping example 100: TXT, MOR and GLS lengths don't match
Skipping example 101: TXT, MOR and GLS lengths don't match
Skipping example 103: TXT, MOR and GLS lengths don't match
Skipping example 104: TXT, MOR and GLS lengths don't match
Skipping example 106: TXT, MOR and GLS lengths don't match
Skipping example 111: TXT, MOR and GLS lengths don't match
Skipping example 112: TXT, MOR and GLS lengths don't match
Skipping example 117: TXT, MOR and GLS lengths don't match
Skipping example 119: TXT, MOR and GLS lengths don't match
Skipping example 128: TXT, MOR and GLS lengths don't match
Skipping example 133: TXT, MOR and GLS lengths don't match
Skipping example 135: TXT, MOR and GLS lengths don't match
Skipping example 138: TXT, MOR and GLS lengths don't match
Skipping example 141: TXT, MOR and GLS lengths don't match
Skipping example 142: TXT, MOR and GLS lengths don't match
Skipping example 152: TXT, MOR and GLS lengths don't match
Skipping example 153: TXT, MOR and GLS lengths don't match
Skipping example 170: TXT, MOR and GLS lengths don't match
Skipping example 171: TXT, MOR and GLS lengths don't match
Skipping example 173: TXT, MOR and GLS lengths don't match
Skipping example 175: tea and GEN1A-3AUGII morpheme counts don't match
Skipping example 175: ngr-dr and , morpheme counts don't match
Skipping example 175: , and NEG-tie morpheme counts don't match
Skipping example 175: tr-pe-le-u and -3MINIA-NEG morpheme counts don't match
Skipping example 185: TXT, MOR and GLS lengths don't match
Skipping example 187: TXT, MOR and GLS lengths don't match
Skipping example 190: TXT, MOR and GLS lengths don't match
Skipping example 191: TXT, MOR and GLS lengths don't match
Skipping example 193: TXT, MOR and GLS lengths don't match
Skipping example 194: TXT, MOR and GLS lengths don't match
Skipping example 195: TXT, MOR and GLS lengths don't match
Skipping example 197: TXT, MOR and GLS lengths don't match
Skipping example 200: TXT, MOR and GLS lengths don't match
Skipping example 203: TXT, MOR and GLS lengths don't match
Skipping example 208: TXT, MOR and GLS lengths don't match
Skipping example 210: TXT, MOR and GLS lengths don't match
Skipping example 214: TXT, MOR and GLS lengths don't match
Skipping example 226: TXT, MOR and GLS lengths don't match
Skipping example 227: TXT, MOR and GLS lengths don't match
Skipping example 230: TXT, MOR and GLS lengths don't match
Skipping example 232: TXT, MOR and GLS lengths don't match
Skipping example 233: TXT, MOR and GLS lengths don't match
Skipping example 235: TXT, MOR and GLS lengths don't match
Skipping example 237: TXT, MOR and GLS lengths don't match
Skipping example 238: nqngq and SUBR-red morpheme counts don't match
Skipping example 238: kx-pc and two morpheme counts don't match
Skipping example 238: x and NMLZ1-CAUS-travel-PDIR.YON-3AUGIA morpheme counts don't match
Skipping example 238: nz-a-vo-bz-lr and PREP morpheme counts don't match
Skipping example 238: kcng and RL.3AUG-rule; morpheme counts don't match
Skipping example 238: tz-mailz-lr and rule-3AUGIA morpheme counts don't match
Skipping example 251: TXT, MOR and GLS lengths don't match
Skipping example 261: TXT, MOR and GLS lengths don't match
Skipping example 262: TXT, MOR and GLS lengths don't match
Skipping example 273: TXT, MOR and GLS lengths don't match
Skipping example 274: TXT, MOR and GLS lengths don't match
Skipping example 275: TXT, MOR and GLS lengths don't match
Skipping example 278: TXT, MOR and GLS lengths don't match
Skipping example 279: TXT, MOR and GLS lengths don't match
Skipping example 280: TXT, MOR and GLS lengths don't match
Skipping example 281: TXT, MOR and GLS lengths don't match
Skipping example 291: TXT, MOR and GLS lengths don't match
Skipping example 292: TXT, MOR and GLS lengths don't match
Skipping example 308: TXT, MOR and GLS lengths don't match
Skipping example 315: TXT, MOR and GLS lengths don't match
Skipping example 318: TXT, MOR and GLS lengths don't match
Skipping example 322: TXT, MOR and GLS lengths don't match
Skipping example 324: TXT, MOR and GLS lengths don't match
Skipping example 325: TXT, MOR and GLS lengths don't match
Skipping example 331: TXT, MOR and GLS lengths don't match
Skipping example 338: TXT, MOR and GLS lengths don't match
Skipping example 347: TXT, MOR and GLS lengths don't match
Skipping example 348: TXT, MOR and GLS lengths don't match
Skipping example 361: TXT, MOR and GLS lengths don't match
Skipping example 362: TXT, MOR and GLS lengths don't match
Skipping example 364: TXT, MOR and GLS lengths don't match
Skipping example 370: TXT, MOR and GLS lengths don't match
Skipping example 375: TXT, MOR and GLS lengths don't match
Skipping example 376: TXT, MOR and GLS lengths don't match
Skipping example 377: TXT, MOR and GLS lengths don't match
Skipping example 378: TXT, MOR and GLS lengths don't match
Skipping example 385: TXT, MOR and GLS lengths don't match
Skipping example 387: TXT, MOR and GLS lengths don't match
Skipping example 388: TXT, MOR and GLS lengths don't match
Skipping example 389: TXT, MOR and GLS lengths don't match
Skipping example 401: TXT, MOR and GLS lengths don't match
Skipping example 402: TXT, MOR and GLS lengths don't match
Skipping example 403: TXT, MOR and GLS lengths don't match
Skipping example 406: TXT, MOR and GLS lengths don't match
Skipping example 411: TXT, MOR and GLS lengths don't match
Skipping example 413: TXT, MOR and GLS lengths don't match
Skipping example 418: TXT, MOR and GLS lengths don't match
Skipping example 427: TXT, MOR and GLS lengths don't match
Skipping example 432: TXT, MOR and GLS lengths don't match
Skipping example 433: TXT, MOR and GLS lengths don't match
Skipping example 437: TXT, MOR and GLS lengths don't match
Skipping example 451: TXT, MOR and GLS lengths don't match
Skipping example 454: TXT, MOR and GLS lengths don't match
Skipping example 458: TXT, MOR and GLS lengths don't match
Skipping example 472: TXT, MOR and GLS lengths don't match
Skipping example 475: TXT, MOR and GLS lengths don't match
Skipping example 484: TXT, MOR and GLS lengths don't match
Skipping example 496: TXT, MOR and GLS lengths don't match
Skipping example 499: TXT, MOR and GLS lengths don't match
Skipping example 504: TXT, MOR and GLS lengths don't match
Skipping example 506: TXT, MOR and GLS lengths don't match
Skipping example 534: TXT, MOR and GLS lengths don't match
Skipping example 552: TXT, MOR and GLS lengths don't match
Skipping example 554: TXT, MOR and GLS lengths don't match
Skipping example 555: TXT, MOR and GLS lengths don't match
Skipping example 557: TXT, MOR and GLS lengths don't match
Skipping example 559: TXT, MOR and GLS lengths don't match
Skipping example 561: TXT, MOR and GLS lengths don't match
Skipping example 562: TXT, MOR and GLS lengths don't match
Skipping example 566: TXT, MOR and GLS lengths don't match
Skipping example 572: TXT, MOR and GLS lengths don't match
Skipping example 579: TXT, MOR and GLS lengths don't match
Skipping example 582: TXT, MOR and GLS lengths don't match
Skipping example 585: TXT, MOR and GLS lengths don't match
Skipping example 588: TXT, MOR and GLS lengths don't match
Skipping example 589: TXT, MOR and GLS lengths don't match
Skipping example 590: TXT, MOR and GLS lengths don't match
Skipping example 591: TXT, MOR and GLS lengths don't match
Skipping example 592: TXT, MOR and GLS lengths don't match
Skipping example 599: TXT, MOR and GLS lengths don't match
Skipping example 600: TXT, MOR and GLS lengths don't match
Skipping example 601: TXT, MOR and GLS lengths don't match
Skipping example 606: TXT, MOR and GLS lengths don't match
Skipping example 607: TXT, MOR and GLS lengths don't match
Skipping example 609: TXT, MOR and GLS lengths don't match
Skipping example 610: TXT, MOR and GLS lengths don't match
Skipping example 612: TXT, MOR and GLS lengths don't match
Skipping example 616: TXT, MOR and GLS lengths don't match
Skipping example 618: TXT, MOR and GLS lengths don't match
Skipping example 622: TXT, MOR and GLS lengths don't match
Skipping example 623: TXT, MOR and GLS lengths don't match
Skipping example 649: TXT, MOR and GLS lengths don't match
Skipping example 650: TXT, MOR and GLS lengths don't match
Skipping example 651: TXT, MOR and GLS lengths don't match
Skipping example 652: TXT, MOR and GLS lengths don't match
Skipping example 653: TXT, MOR and GLS lengths don't match
Skipping example 657: TXT, MOR and GLS lengths don't match
Skipping example 658: TXT, MOR and GLS lengths don't match
Skipping example 665: TXT, MOR and GLS lengths don't match
Skipping example 672: TXT, MOR and GLS lengths don't match
Skipping example 680: TXT, MOR and GLS lengths don't match
Skipping example 685: TXT, MOR and GLS lengths don't match
Skipping example 691: kxlvc and PCLF.HAND-3AUGII morpheme counts don't match
Skipping example 691: sc-dr and TPNYM morpheme counts don't match
Skipping example 694: TXT, MOR and GLS lengths don't match
Skipping example 697: TXT, MOR and GLS lengths don't match
Skipping example 704: TXT, MOR and GLS lengths don't match
Skipping example 705: TXT, MOR and GLS lengths don't match
Skipping example 708: TXT, MOR and GLS lengths don't match
Skipping example 709: TXT, MOR and GLS lengths don't match
Skipping example 711: TXT, MOR and GLS lengths don't match
Skipping example 746: TXT, MOR and GLS lengths don't match
Skipping example 750: TXT, MOR and GLS lengths don't match
Skipping example 767: TXT, MOR and GLS lengths don't match
Skipping example 768: TXT, MOR and GLS lengths don't match
Skipping example 771: TXT, MOR and GLS lengths don't match
Skipping example 772: TXT, MOR and GLS lengths don't match
Skipping example 775: TXT, MOR and GLS lengths don't match
Skipping example 780: TXT, MOR and GLS lengths don't match
Skipping example 782: TXT, MOR and GLS lengths don't match
Skipping example 786: TXT, MOR and GLS lengths don't match
Skipping example 788: TXT, MOR and GLS lengths don't match
Skipping example 789: TXT, MOR and GLS lengths don't match
Skipping example 790: TXT, MOR and GLS lengths don't match
Skipping example 791: TXT, MOR and GLS lengths don't match
Skipping example 793: TXT, MOR and GLS lengths don't match
Skipping example 794: TXT, MOR and GLS lengths don't match
Skipping example 798: TXT, MOR and GLS lengths don't match
Skipping example 799: TXT, MOR and GLS lengths don't match
Skipping example 802: TXT, MOR and GLS lengths don't match
Skipping example 803: TXT, MOR and GLS lengths don't match
Skipping example 813: TXT, MOR and GLS lengths don't match
Skipping example 827: TXT, MOR and GLS lengths don't match
Skipping example 828: TXT, MOR and GLS lengths don't match
Skipping example 830: TXT, MOR and GLS lengths don't match
Skipping example 841: TXT, MOR and GLS lengths don't match
Skipping example 842: TXT, MOR and GLS lengths don't match
Skipping example 843: TXT, MOR and GLS lengths don't match
Skipping example 844: TXT, MOR and GLS lengths don't match
Skipping example 847: TXT, MOR and GLS lengths don't match
Skipping example 850: TXT, MOR and GLS lengths don't match
Skipping example 865: TXT, MOR and GLS lengths don't match
Skipping example 870: TXT, MOR and GLS lengths don't match
Skipping example 871: TXT, MOR and GLS lengths don't match
Skipping example 875: nibr and NMLZ1-pray-NMLZ.POSS-1AUGII morpheme counts don't match
Skipping example 875: nz-krka'-kr-gr and set.out-PDIR.HITHER-1AUGII morpheme counts don't match
Skipping example 875: rkalz-mq-gr and and morpheme counts don't match
Skipping example 875: kc and RL-go-COS-1AUGI morpheme counts don't match
Skipping example 875: tq-vz-pe-kr and place.DEM2.DIST morpheme counts don't match
Skipping example 875: mrkc and IRR-live, morpheme counts don't match
Skipping example 875: na-mnc-ngr-gr and stay-APPL-1AUGII morpheme counts don't match
Skipping example 876: TXT, MOR and GLS lengths don't match
Skipping example 877: TXT, MOR and GLS lengths don't match
Skipping example 878: TXT, MOR and GLS lengths don't match
Skipping example 879: TXT, MOR and GLS lengths don't match
Skipping example 880: TXT, MOR and GLS lengths don't match
Skipping example 882: TXT, MOR and GLS lengths don't match
Skipping example 888: TXT, MOR and GLS lengths don't match
Skipping example 894: TXT, MOR and GLS lengths don't match
Skipping example 902: TXT, MOR and GLS lengths don't match
Skipping example 906: TXT, MOR and GLS lengths don't match
Skipping example 907: TXT, MOR and GLS lengths don't match
Skipping example 909: TXT, MOR and GLS lengths don't match
Skipping example 910: TXT, MOR and GLS lengths don't match
Skipping example 915: TXT, MOR and GLS lengths don't match
Skipping example 917: TXT, MOR and GLS lengths don't match
Skipping example 921: TXT, MOR and GLS lengths don't match
Skipping example 935: TXT, MOR and GLS lengths don't match
Skipping example 937: TXT, MOR and GLS lengths don't match
Skipping example 941: TXT, MOR and GLS lengths don't match
Skipping example 943: TXT, MOR and GLS lengths don't match
Skipping example 971: TXT, MOR and GLS lengths don't match
Skipping example 980: TXT, MOR and GLS lengths don't match
Skipping example 981: TXT, MOR and GLS lengths don't match
Skipping example 982: TXT, MOR and GLS lengths don't match
Skipping example 983: TXT, MOR and GLS lengths don't match
Skipping example 987: TXT, MOR and GLS lengths don't match
Skipping example 988: TXT, MOR and GLS lengths don't match
Skipping example 990: TXT, MOR and GLS lengths don't match
Skipping example 992: TXT, MOR and GLS lengths don't match
Skipping example 996: TXT, MOR and GLS lengths don't match
Skipping example 998: kc and RL-four morpheme counts don't match
Skipping example 998: tq-pwx and , morpheme counts don't match
Skipping example 998: sc and RL-take.leave.of morpheme counts don't match
Skipping example 998: tq-arlr-lzbq-pe-kr and -REFL-COS-1AUGI morpheme counts don't match
Skipping example 999: TXT, MOR and GLS lengths don't match
Skipping example 1004: TXT, MOR and GLS lengths don't match
Skipping example 1018: TXT, MOR and GLS lengths don't match
Skipping example 1031: TXT, MOR and GLS lengths don't match
Skipping example 1033: TXT, MOR and GLS lengths don't match
Skipping example 1060: TXT, MOR and GLS lengths don't match
Skipping example 1065: TXT, MOR and GLS lengths don't match
Skipping example 1066: TXT, MOR and GLS lengths don't match
Skipping example 1070: TXT, MOR and GLS lengths don't match
Skipping example 1100: TXT, MOR and GLS lengths don't match
Skipping example 1110: TXT, MOR and GLS lengths don't match
Skipping example 1113: TXT, MOR and GLS lengths don't match
Skipping example 1126: TXT, MOR and GLS lengths don't match
Skipping example 1138: TXT, MOR and GLS lengths don't match
Skipping example 1146: TXT, MOR and GLS lengths don't match
Skipping example 1147: TXT, MOR and GLS lengths don't match
Skipping example 1151: TXT, MOR and GLS lengths don't match
Skipping example 1161: TXT, MOR and GLS lengths don't match
Skipping example 1162: TXT, MOR and GLS lengths don't match
Skipping example 1167: TXT, MOR and GLS lengths don't match
Skipping example 1173: TXT, MOR and GLS lengths don't match
Skipping example 1181: TXT, MOR and GLS lengths don't match
Skipping example 1182: TXT, MOR and GLS lengths don't match
Skipping example 1183: TXT, MOR and GLS lengths don't match
Skipping example 1184: TXT, MOR and GLS lengths don't match
Skipping example 1185: TXT, MOR and GLS lengths don't match
Skipping example 1191: TXT, MOR and GLS lengths don't match
Skipping example 1201: TXT, MOR and GLS lengths don't match
Skipping example 1205: TXT, MOR and GLS lengths don't match
Skipping example 1207: TXT, MOR and GLS lengths don't match
Skipping example 1208: TXT, MOR and GLS lengths don't match
Skipping example 1215: TXT, MOR and GLS lengths don't match
Skipping example 1224: TXT, MOR and GLS lengths don't match
Skipping example 1225: TXT, MOR and GLS lengths don't match
Skipping example 1229: TXT, MOR and GLS lengths don't match
Got 989 glossed sentences
Filtered out 261 sentences

Skipping example 9: TXT, MOR and GLS lengths don't match
Skipping example 26: TXT, MOR and GLS lengths don't match
Skipping example 27: TXT, MOR and GLS lengths don't match
Skipping example 29: TXT, MOR and GLS lengths don't match
Skipping example 34: TXT, MOR and GLS lengths don't match
Skipping example 36: TXT, MOR and GLS lengths don't match
Skipping example 37: TXT, MOR and GLS lengths don't match
Skipping example 53: TXT, MOR and GLS lengths don't match
Skipping example 56: TXT, MOR and GLS lengths don't match
Skipping example 58: TXT, MOR and GLS lengths don't match
Skipping example 77: TXT, MOR and GLS lengths don't match
Skipping example 83: TXT, MOR and GLS lengths don't match
Skipping example 85: TXT, MOR and GLS lengths don't match
Skipping example 95: TXT, MOR and GLS lengths don't match
Skipping example 99: TXT, MOR and GLS lengths don't match
Skipping example 100: TXT, MOR and GLS lengths don't match
Skipping example 101: TXT, MOR and GLS lengths don't match
Skipping example 103: TXT, MOR and GLS lengths don't match
Skipping example 104: TXT, MOR and GLS lengths don't match
Skipping example 106: TXT, MOR and GLS lengths don't match
Skipping example 111: TXT, MOR and GLS lengths don't match
Skipping example 112: TXT, MOR and GLS lengths don't match
Skipping example 117: TXT, MOR and GLS lengths don't match
Skipping example 119: TXT, MOR and GLS lengths don't match
Skipping example 128: TXT, MOR and GLS lengths don't match
Skipping example 133: TXT, MOR and GLS lengths don't match
Skipping example 135: TXT, MOR and GLS lengths don't match
Skipping example 138: TXT, MOR and GLS lengths don't match
Skipping example 141: TXT, MOR and GLS lengths don't match
Skipping example 142: TXT, MOR and GLS lengths don't match
Skipping example 152: TXT, MOR and GLS lengths don't match
Skipping example 153: TXT, MOR and GLS lengths don't match
Skipping example 170: TXT, MOR and GLS lengths don't match
Skipping example 171: TXT, MOR and GLS lengths don't match
Skipping example 173: TXT, MOR and GLS lengths don't match
Skipping example 175: tea and GEN1A-3AUGII morpheme counts don't match
Skipping example 175: ngr-dr and , morpheme counts don't match
Skipping example 175: , and NEG-tie morpheme counts don't match
Skipping example 175: tr-pe-le-u and -3MINIA-NEG morpheme counts don't match
Skipping example 185: TXT, MOR and GLS lengths don't match
Skipping example 187: TXT, MOR and GLS lengths don't match
Skipping example 190: TXT, MOR and GLS lengths don't match
Skipping example 191: TXT, MOR and GLS lengths don't match
Skipping example 193: TXT, MOR and GLS lengths don't match
Skipping example 194: TXT, MOR and GLS lengths don't match
Skipping example 195: TXT, MOR and GLS lengths don't match
Skipping example 197: TXT, MOR and GLS lengths don't match
Skipping example 200: TXT, MOR and GLS lengths don't match
Skipping example 203: TXT, MOR and GLS lengths don't match
Skipping example 208: TXT, MOR and GLS lengths don't match
Skipping example 210: TXT, MOR and GLS lengths don't match
Skipping example 214: TXT, MOR and GLS lengths don't match
Skipping example 226: TXT, MOR and GLS lengths don't match
Skipping example 227: TXT, MOR and GLS lengths don't match
Skipping example 230: TXT, MOR and GLS lengths don't match
Skipping example 232: TXT, MOR and GLS lengths don't match
Skipping example 233: TXT, MOR and GLS lengths don't match
Skipping example 235: TXT, MOR and GLS lengths don't match
Skipping example 237: TXT, MOR and GLS lengths don't match
Skipping example 238: nqngq and SUBR-red morpheme counts don't match
Skipping example 238: kx-pc and two morpheme counts don't match
Skipping example 238: x and NMLZ1-CAUS-travel-PDIR.YON-3AUGIA morpheme counts don't match
Skipping example 238: nz-a-vo-bz-lr and PREP morpheme counts don't match
Skipping example 238: kcng and RL.3AUG-rule; morpheme counts don't match
Skipping example 238: tz-mailz-lr and rule-3AUGIA morpheme counts don't match
Skipping example 251: TXT, MOR and GLS lengths don't match
Skipping example 261: TXT, MOR and GLS lengths don't match
Skipping example 262: TXT, MOR and GLS lengths don't match
Skipping example 273: TXT, MOR and GLS lengths don't match
Skipping example 274: TXT, MOR and GLS lengths don't match
Skipping example 275: TXT, MOR and GLS lengths don't match
Skipping example 278: TXT, MOR and GLS lengths don't match
Skipping example 279: TXT, MOR and GLS lengths don't match
Skipping example 280: TXT, MOR and GLS lengths don't match
Skipping example 281: TXT, MOR and GLS lengths don't match
Skipping example 291: TXT, MOR and GLS lengths don't match
Skipping example 292: TXT, MOR and GLS lengths don't match
Skipping example 308: TXT, MOR and GLS lengths don't match
Skipping example 315: TXT, MOR and GLS lengths don't match
Skipping example 318: TXT, MOR and GLS lengths don't match
Skipping example 322: TXT, MOR and GLS lengths don't match
Skipping example 324: TXT, MOR and GLS lengths don't match
Skipping example 325: TXT, MOR and GLS lengths don't match
Skipping example 331: TXT, MOR and GLS lengths don't match
Skipping example 338: TXT, MOR and GLS lengths don't match
Skipping example 347: TXT, MOR and GLS lengths don't match
Skipping example 348: TXT, MOR and GLS lengths don't match
Skipping example 361: TXT, MOR and GLS lengths don't match
Skipping example 362: TXT, MOR and GLS lengths don't match
Skipping example 364: TXT, MOR and GLS lengths don't match
Skipping example 370: TXT, MOR and GLS lengths don't match
Skipping example 375: TXT, MOR and GLS lengths don't match
Skipping example 376: TXT, MOR and GLS lengths don't match
Skipping example 377: TXT, MOR and GLS lengths don't match
Skipping example 378: TXT, MOR and GLS lengths don't match
Skipping example 385: TXT, MOR and GLS lengths don't match
Skipping example 387: TXT, MOR and GLS lengths don't match
Skipping example 388: TXT, MOR and GLS lengths don't match
Skipping example 389: TXT, MOR and GLS lengths don't match
Skipping example 401: TXT, MOR and GLS lengths don't match
Skipping example 402: TXT, MOR and GLS lengths don't match
Skipping example 403: TXT, MOR and GLS lengths don't match
Skipping example 406: TXT, MOR and GLS lengths don't match
Skipping example 411: TXT, MOR and GLS lengths don't match
Skipping example 413: TXT, MOR and GLS lengths don't match
Skipping example 418: TXT, MOR and GLS lengths don't match
Skipping example 427: TXT, MOR and GLS lengths don't match
Skipping example 432: TXT, MOR and GLS lengths don't match
Skipping example 433: TXT, MOR and GLS lengths don't match
Skipping example 437: TXT, MOR and GLS lengths don't match
Skipping example 451: TXT, MOR and GLS lengths don't match
Skipping example 454: TXT, MOR and GLS lengths don't match
Skipping example 458: TXT, MOR and GLS lengths don't match
Skipping example 472: TXT, MOR and GLS lengths don't match
Skipping example 475: TXT, MOR and GLS lengths don't match
Skipping example 484: TXT, MOR and GLS lengths don't match
Skipping example 496: TXT, MOR and GLS lengths don't match
Skipping example 499: TXT, MOR and GLS lengths don't match
Skipping example 504: TXT, MOR and GLS lengths don't match
Skipping example 506: TXT, MOR and GLS lengths don't match
Skipping example 534: TXT, MOR and GLS lengths don't match
Skipping example 552: TXT, MOR and GLS lengths don't match
Skipping example 554: TXT, MOR and GLS lengths don't match
Skipping example 555: TXT, MOR and GLS lengths don't match
Skipping example 557: TXT, MOR and GLS lengths don't match
Skipping example 559: TXT, MOR and GLS lengths don't match
Skipping example 561: TXT, MOR and GLS lengths don't match
Skipping example 562: TXT, MOR and GLS lengths don't match
Skipping example 566: TXT, MOR and GLS lengths don't match
Skipping example 572: TXT, MOR and GLS lengths don't match
Skipping example 579: TXT, MOR and GLS lengths don't match
Skipping example 582: TXT, MOR and GLS lengths don't match
Skipping example 585: TXT, MOR and GLS lengths don't match
Skipping example 588: TXT, MOR and GLS lengths don't match
Skipping example 589: TXT, MOR and GLS lengths don't match
Skipping example 590: TXT, MOR and GLS lengths don't match
Skipping example 591: TXT, MOR and GLS lengths don't match
Skipping example 592: TXT, MOR and GLS lengths don't match
Skipping example 599: TXT, MOR and GLS lengths don't match
Skipping example 600: TXT, MOR and GLS lengths don't match
Skipping example 601: TXT, MOR and GLS lengths don't match
Skipping example 606: TXT, MOR and GLS lengths don't match
Skipping example 607: TXT, MOR and GLS lengths don't match
Skipping example 609: TXT, MOR and GLS lengths don't match
Skipping example 610: TXT, MOR and GLS lengths don't match
Skipping example 612: TXT, MOR and GLS lengths don't match
Skipping example 616: TXT, MOR and GLS lengths don't match
Skipping example 618: TXT, MOR and GLS lengths don't match
Skipping example 622: TXT, MOR and GLS lengths don't match
Skipping example 623: TXT, MOR and GLS lengths don't match
Skipping example 649: TXT, MOR and GLS lengths don't match
Skipping example 650: TXT, MOR and GLS lengths don't match
Skipping example 651: TXT, MOR and GLS lengths don't match
Skipping example 652: TXT, MOR and GLS lengths don't match
Skipping example 653: TXT, MOR and GLS lengths don't match
Skipping example 657: TXT, MOR and GLS lengths don't match
Skipping example 658: TXT, MOR and GLS lengths don't match
Skipping example 665: TXT, MOR and GLS lengths don't match
Skipping example 672: TXT, MOR and GLS lengths don't match
Skipping example 680: TXT, MOR and GLS lengths don't match
Skipping example 685: TXT, MOR and GLS lengths don't match
Skipping example 691: kxlvc and PCLF.HAND-3AUGII morpheme counts don't match
Skipping example 691: sc-dr and TPNYM morpheme counts don't match
Skipping example 694: TXT, MOR and GLS lengths don't match
Skipping example 697: TXT, MOR and GLS lengths don't match
Skipping example 704: TXT, MOR and GLS lengths don't match
Skipping example 705: TXT, MOR and GLS lengths don't match
Skipping example 708: TXT, MOR and GLS lengths don't match
Skipping example 709: TXT, MOR and GLS lengths don't match
Skipping example 711: TXT, MOR and GLS lengths don't match
Skipping example 746: TXT, MOR and GLS lengths don't match
Skipping example 750: TXT, MOR and GLS lengths don't match
Skipping example 767: TXT, MOR and GLS lengths don't match
Skipping example 768: TXT, MOR and GLS lengths don't match
Skipping example 771: TXT, MOR and GLS lengths don't match
Skipping example 772: TXT, MOR and GLS lengths don't match
Skipping example 775: TXT, MOR and GLS lengths don't match
Skipping example 780: TXT, MOR and GLS lengths don't match
Skipping example 782: TXT, MOR and GLS lengths don't match
Skipping example 786: TXT, MOR and GLS lengths don't match
Skipping example 788: TXT, MOR and GLS lengths don't match
Skipping example 789: TXT, MOR and GLS lengths don't match
Skipping example 790: TXT, MOR and GLS lengths don't match
Skipping example 791: TXT, MOR and GLS lengths don't match
Skipping example 793: TXT, MOR and GLS lengths don't match
Skipping example 794: TXT, MOR and GLS lengths don't match
Skipping example 798: TXT, MOR and GLS lengths don't match
Skipping example 799: TXT, MOR and GLS lengths don't match
Skipping example 802: TXT, MOR and GLS lengths don't match
Skipping example 803: TXT, MOR and GLS lengths don't match
Skipping example 813: TXT, MOR and GLS lengths don't match
Skipping example 827: TXT, MOR and GLS lengths don't match
Skipping example 828: TXT, MOR and GLS lengths don't match
Skipping example 830: TXT, MOR and GLS lengths don't match
Skipping example 841: TXT, MOR and GLS lengths don't match
Skipping example 842: TXT, MOR and GLS lengths don't match
Skipping example 843: TXT, MOR and GLS lengths don't match
Skipping example 844: TXT, MOR and GLS lengths don't match
Skipping example 847: TXT, MOR and GLS lengths don't match
Skipping example 850: TXT, MOR and GLS lengths don't match
Skipping example 865: TXT, MOR and GLS lengths don't match
Skipping example 870: TXT, MOR and GLS lengths don't match
Skipping example 871: TXT, MOR and GLS lengths don't match
Skipping example 875: nibr and NMLZ1-pray-NMLZ.POSS-1AUGII morpheme counts don't match
Skipping example 875: nz-krka'-kr-gr and set.out-PDIR.HITHER-1AUGII morpheme counts don't match
Skipping example 875: rkalz-mq-gr and and morpheme counts don't match
Skipping example 875: kc and RL-go-COS-1AUGI morpheme counts don't match
Skipping example 875: tq-vz-pe-kr and place.DEM2.DIST morpheme counts don't match
Skipping example 875: mrkc and IRR-live, morpheme counts don't match
Skipping example 875: na-mnc-ngr-gr and stay-APPL-1AUGII morpheme counts don't match
Skipping example 876: TXT, MOR and GLS lengths don't match
Skipping example 877: TXT, MOR and GLS lengths don't match
Skipping example 878: TXT, MOR and GLS lengths don't match
Skipping example 879: TXT, MOR and GLS lengths don't match
Skipping example 880: TXT, MOR and GLS lengths don't match
Skipping example 882: TXT, MOR and GLS lengths don't match
Skipping example 888: TXT, MOR and GLS lengths don't match
Skipping example 894: TXT, MOR and GLS lengths don't match
Skipping example 902: TXT, MOR and GLS lengths don't match
Skipping example 906: TXT, MOR and GLS lengths don't match
Skipping example 907: TXT, MOR and GLS lengths don't match
Skipping example 909: TXT, MOR and GLS lengths don't match
Skipping example 910: TXT, MOR and GLS lengths don't match
Skipping example 915: TXT, MOR and GLS lengths don't match
Skipping example 917: TXT, MOR and GLS lengths don't match
Skipping example 921: TXT, MOR and GLS lengths don't match
Skipping example 935: TXT, MOR and GLS lengths don't match
Skipping example 937: TXT, MOR and GLS lengths don't match
Skipping example 941: TXT, MOR and GLS lengths don't match
Skipping example 943: TXT, MOR and GLS lengths don't match
Skipping example 971: TXT, MOR and GLS lengths don't match
Skipping example 980: TXT, MOR and GLS lengths don't match
Skipping example 981: TXT, MOR and GLS lengths don't match
Skipping example 982: TXT, MOR and GLS lengths don't match
Skipping example 983: TXT, MOR and GLS lengths don't match
Skipping example 987: TXT, MOR and GLS lengths don't match
Skipping example 988: TXT, MOR and GLS lengths don't match
Skipping example 990: TXT, MOR and GLS lengths don't match
Skipping example 992: TXT, MOR and GLS lengths don't match
Skipping example 996: TXT, MOR and GLS lengths don't match
Skipping example 998: kc and RL-four morpheme counts don't match
Skipping example 998: tq-pwx and , morpheme counts don't match
Skipping example 998: sc and RL-take.leave.of morpheme counts don't match
Skipping example 998: tq-arlr-lzbq-pe-kr and -REFL-COS-1AUGI morpheme counts don't match
Skipping example 999: TXT, MOR and GLS lengths don't match
Skipping example 1004: TXT, MOR and GLS lengths don't match
Skipping example 1018: TXT, MOR and GLS lengths don't match
Skipping example 1031: TXT, MOR and GLS lengths don't match
Skipping example 1033: TXT, MOR and GLS lengths don't match
Skipping example 1060: TXT, MOR and GLS lengths don't match
Skipping example 1065: TXT, MOR and GLS lengths don't match
Skipping example 1066: TXT, MOR and GLS lengths don't match
Skipping example 1070: TXT, MOR and GLS lengths don't match
Skipping example 1100: TXT, MOR and GLS lengths don't match
Skipping example 1110: TXT, MOR and GLS lengths don't match
Skipping example 1113: TXT, MOR and GLS lengths don't match
Skipping example 1126: TXT, MOR and GLS lengths don't match
Skipping example 1138: TXT, MOR and GLS lengths don't match
Skipping example 1146: TXT, MOR and GLS lengths don't match
Skipping example 1147: TXT, MOR and GLS lengths don't match
Skipping example 1151: TXT, MOR and GLS lengths don't match
Skipping example 1161: TXT, MOR and GLS lengths don't match
Skipping example 1162: TXT, MOR and GLS lengths don't match
Skipping example 1167: TXT, MOR and GLS lengths don't match
Skipping example 1173: TXT, MOR and GLS lengths don't match
Skipping example 1181: TXT, MOR and GLS lengths don't match
Skipping example 1182: TXT, MOR and GLS lengths don't match
Skipping example 1183: TXT, MOR and GLS lengths don't match
Skipping example 1184: TXT, MOR and GLS lengths don't match
Skipping example 1185: TXT, MOR and GLS lengths don't match
Skipping example 1191: TXT, MOR and GLS lengths don't match
Skipping example 1201: TXT, MOR and GLS lengths don't match
Skipping example 1205: TXT, MOR and GLS lengths don't match
Skipping example 1207: TXT, MOR and GLS lengths don't match
Skipping example 1208: TXT, MOR and GLS lengths don't match
Skipping example 1215: TXT, MOR and GLS lengths don't match
Skipping example 1224: TXT, MOR and GLS lengths don't match
Skipping example 1225: TXT, MOR and GLS lengths don't match
Skipping example 1229: TXT, MOR and GLS lengths don't match
Got 989 glossed sentences
Filtered out 261 sentences

